app/build/intermediates/manifest_merge_blame_file/release/manifest-merger-blame-release-report.txt
1<?xml version="1.0" encoding="utf-8"?>
2<manifest xmlns:android="http://schemas.android.com/apk/res/android"
3    package="com.newbee.ble_tool"
4    android:versionCode="1"
5    android:versionName="1.0" >
6
7    <uses-sdk
8        android:minSdkVersion="21"
8-->src\main\AndroidManifest.xml
9        android:targetSdkVersion="32" />
9-->src\main\AndroidManifest.xml
10
11    <uses-permission android:name="android.permission.BLUETOOTH" />
11-->src\main\AndroidManifest.xml:5:5-68
11-->src\main\AndroidManifest.xml:5:22-65
12    <uses-permission android:name="android.permission.BLUETOOTH_CONNECT" />
12-->src\main\AndroidManifest.xml:6:5-76
12-->src\main\AndroidManifest.xml:6:22-73
13
14    <!-- 蓝牙权限新增 -->
15    <uses-permission android:name="android.permission.BLUETOOTH_SCAN" />
15-->src\main\AndroidManifest.xml:9:5-73
15-->src\main\AndroidManifest.xml:9:22-70
16    <uses-permission android:name="android.permission.BLUETOOTH_ADMIN" />
16-->src\main\AndroidManifest.xml:10:5-74
16-->src\main\AndroidManifest.xml:10:22-71
17
18    <!--
19         蓝牙权限新增 If your app targets Android 9 or lower, you can declare
20         ACCESS_COARSE_LOCATION instead.
21    -->
22    <uses-permission android:name="android.permission.ACCESS_FINE_LOCATION" />
22-->src\main\AndroidManifest.xml:14:5-15:45
22-->src\main\AndroidManifest.xml:14:22-76
23    <uses-permission android:name="android.permission.BLUETOOTH_ADVERTISE" />
23-->src\main\AndroidManifest.xml:16:5-78
23-->src\main\AndroidManifest.xml:16:22-75
24    <uses-permission android:name="android.permission.READ_PRIVILEGED_PHONE_STATE" />
24-->[com.github.lixiao-nb666:build_lib:1.1.4] AndroidManifest.xml:9:5-86
24-->[com.github.lixiao-nb666:build_lib:1.1.4] AndroidManifest.xml:9:22-83
25
26    <application
26-->src\main\AndroidManifest.xml:20:5-45:19
27        android:name="com.newbee.ble_tool.app.MyApp"
27-->src\main\AndroidManifest.xml:22:9-34
28        android:allowBackup="true"
28-->src\main\AndroidManifest.xml:21:9-35
29        android:appComponentFactory="androidx.core.app.CoreComponentFactory"
29-->[androidx.core:core:1.3.2] AndroidManifest.xml:24:18-86
30        android:icon="@mipmap/ic_launcher"
30-->src\main\AndroidManifest.xml:23:9-43
31        android:label="@string/app_name"
31-->src\main\AndroidManifest.xml:24:9-41
32        android:roundIcon="@mipmap/ic_launcher_round"
32-->src\main\AndroidManifest.xml:25:9-54
33        android:supportsRtl="true"
33-->src\main\AndroidManifest.xml:26:9-35
34        android:testOnly="true"
35        android:theme="@style/Theme.AppCompat.NoActionBar" >
35-->src\main\AndroidManifest.xml:27:9-59
36        <activity
36-->src\main\AndroidManifest.xml:30:9-41:20
37            android:name="com.newbee.ble_tool.activity.MainActivity"
37-->src\main\AndroidManifest.xml:31:13-50
38            android:exported="true"
38-->src\main\AndroidManifest.xml:33:13-36
39            android:label="@string/app_name"
39-->src\main\AndroidManifest.xml:32:13-45
40            android:launchMode="standard"
40-->src\main\AndroidManifest.xml:34:13-42
41            android:screenOrientation="portrait" >
41-->src\main\AndroidManifest.xml:35:13-49
42            <intent-filter>
42-->src\main\AndroidManifest.xml:36:13-40:29
43                <action android:name="android.intent.action.MAIN" />
43-->src\main\AndroidManifest.xml:37:17-69
43-->src\main\AndroidManifest.xml:37:25-66
44
45                <category android:name="android.intent.category.LAUNCHER" />
45-->src\main\AndroidManifest.xml:39:17-77
45-->src\main\AndroidManifest.xml:39:27-74
46            </intent-filter>
47        </activity>
48
49        <service
49-->src\main\AndroidManifest.xml:43:9-44:38
50            android:name="com.newbee.ble_lib.service.BluetoothGattService"
50-->src\main\AndroidManifest.xml:43:18-80
51            android:exported="true" />
51-->src\main\AndroidManifest.xml:44:13-36
52    </application>
53
54</manifest>